<?xml version="1.0" encoding="UTF-8"?>
<testng-results ignored="0" total="1" passed="1" failed="0" skipped="0">
  <reporter-output>
  </reporter-output>
  <suite started-at="2025-04-18T18:09:52 IST" name="Suite" finished-at="2025-04-18T18:10:44 IST" duration-ms="52169">
    <groups>
    </groups>
    <test started-at="2025-04-18T18:09:52 IST" name="Test" finished-at="2025-04-18T18:10:44 IST" duration-ms="52169">
      <class name="com.TestCases.TC_001">
        <test-method is-config="true" signature="setup()[pri:0, instance:com.TestCases.TC_001@543295b0]" started-at="2025-04-18T18:09:52 IST" name="setup" finished-at="2025-04-18T18:10:12 IST" duration-ms="20297" status="PASS">
          <reporter-output>
          </reporter-output>
        </test-method> <!-- setup -->
        <test-method signature="product()[pri:0, instance:com.TestCases.TC_001@543295b0]" started-at="2025-04-18T18:10:12 IST" name="product" finished-at="2025-04-18T18:10:41 IST" duration-ms="28441" status="PASS">
          <reporter-output>
          </reporter-output>
        </test-method> <!-- product -->
        <test-method is-config="true" signature="teardown()[pri:0, instance:com.TestCases.TC_001@543295b0]" started-at="2025-04-18T18:10:41 IST" name="teardown" finished-at="2025-04-18T18:10:44 IST" duration-ms="3337" status="PASS">
          <reporter-output>
          </reporter-output>
        </test-method> <!-- teardown -->
      </class> <!-- com.TestCases.TC_001 -->
    </test> <!-- Test -->
  </suite> <!-- Suite -->
</testng-results>
