<?xml version="1.0" encoding="UTF-8"?>
<testng-results ignored="0" total="1" passed="1" failed="0" skipped="0">
  <reporter-output>
  </reporter-output>
  <suite started-at="2025-04-18T13:47:18 IST" name="Default suite" finished-at="2025-04-18T13:48:01 IST" duration-ms="43354">
    <groups>
    </groups>
    <test started-at="2025-04-18T13:47:18 IST" name="Default test" finished-at="2025-04-18T13:48:01 IST" duration-ms="43354">
      <class name="com.TestCases.TC_001">
        <test-method is-config="true" signature="setup()[pri:0, instance:com.TestCases.TC_001@543295b0]" started-at="2025-04-18T13:47:18 IST" name="setup" finished-at="2025-04-18T13:47:35 IST" duration-ms="16392" status="PASS">
          <reporter-output>
          </reporter-output>
        </test-method> <!-- setup -->
        <test-method signature="product()[pri:0, instance:com.TestCases.TC_001@543295b0]" started-at="2025-04-18T13:47:35 IST" name="product" finished-at="2025-04-18T13:47:58 IST" duration-ms="23557" status="PASS">
          <reporter-output>
          </reporter-output>
        </test-method> <!-- product -->
        <test-method is-config="true" signature="teardown()[pri:0, instance:com.TestCases.TC_001@543295b0]" started-at="2025-04-18T13:47:58 IST" name="teardown" finished-at="2025-04-18T13:48:01 IST" duration-ms="3310" status="PASS">
          <reporter-output>
          </reporter-output>
        </test-method> <!-- teardown -->
      </class> <!-- com.TestCases.TC_001 -->
    </test> <!-- Default test -->
  </suite> <!-- Default suite -->
</testng-results>
